<?xml version="1.0" encoding="UTF-8"?>
<!-- Generated by org.testng.reporters.JUnitReportReporter -->
<testsuite skipped="0" hostname="DESKTOP-MI0MQ5V" name="com.gstv.apitest.tests.UserTest" tests="1" failures="0" timestamp="2020-05-11T15:07:15 COT" time="2.678" errors="0">
  <testcase name="testGetTrafficInstructionModel" time="2.678" classname="com.gstv.apitest.tests.UserTest"/>
</testsuite> <!-- com.gstv.apitest.tests.UserTest -->
